<testsuite failures="0" name="src/test/java/features/putApi.feature" skipped="0" tests="1" time="1.945102">
  <testcase classname="src.test.java.features.putApi" name="update user by id" time="1.945102">
    <system-out>* url 'https://gorest.co.in' .............................................. passed
* def requestPayload = .................................................... passed
Given path '/public/v1/users/3883' ........................................ passed
And request requestPayload ................................................ passed
And header Authorization = 'Bearer ' + tokenID ............................ passed
When method PUT ........................................................... passed
Then status 200 ........................................................... passed
And match response.data.status == 'inactive' .............................. passed
And match response.data.gender == 'female' ................................ passed</system-out>
  </testcase>
</testsuite>
