<testsuite failures="0" name="src/test/java/features/authToken.feature" skipped="0" tests="1" time="3.937202">
  <testcase classname="src.test.java.features.authToken" name="send api request with token" time="3.937202">
    <system-out>* def query = {status: 'active', gender: 'male'} .......................... passed
Given url baseUrl + '/public/v1/users' .................................... passed
And header Authorization = 'Bearer ' + tokenID ............................ passed
And params query .......................................................... passed
When method GET ........................................................... passed
Then status 200 ........................................................... passed
* print response .......................................................... passed
* print tokenID ........................................................... passed</system-out>
  </testcase>
</testsuite>
