<testsuite failures="0" name="src/test/java/features/postApi.feature" skipped="0" tests="1" time="1.863618">
  <testcase classname="src.test.java.features.postApi" name="create user with post request" time="1.863618">
    <system-out>* url 'https://gorest.co.in' .............................................. passed
* def requestPayload = .................................................... passed
Given path '/public/v1/users' ............................................. passed
And request requestPayload ................................................ passed
And header Authorization = 'Bearer ' + tokenID ............................ passed
When method POST .......................................................... passed
Then status 201 ........................................................... passed
And match $.data.id == '#present' ......................................... passed
And match $.data.name == '#present' ....................................... passed
And match $.data.email == '#present' ...................................... passed
And match $.data.email == 'shiroe12@mail.jp' .............................. passed
* print response .......................................................... passed</system-out>
  </testcase>
</testsuite>
