<testsuite failures="0" name="src/test/java/features/CreateAndUpdateUser.feature" skipped="0" tests="1" time="7.288415">
  <testcase classname="src.test.java.features.CreateAndUpdateUser" name="create and update user scenario" time="7.288415">
    <system-out>* url 'https://gorest.co.in' .............................................. passed
* def generateEmail = ..................................................... passed
* def requestPayload = read('classpath:src/test/resources/payload/user.json') . passed
* def randomEmail = generateEmail(10) ..................................... passed
* set requestPayload.email = randomEmail .................................. passed
* print requestPayload .................................................... passed
Given path '/public/v1/users/' ............................................ passed
And request requestPayload ................................................ passed
And header Authorization = 'Bearer ' + tokenID ............................ passed
When method POST .......................................................... passed
Then status 201 ........................................................... passed
And match $.data.id == '#present' ......................................... passed
And match $.data.email == randomEmail ..................................... passed
* print response .......................................................... passed
* def userId = $.data.id .................................................. passed
* def requestUpdatePayload = .............................................. passed
Given path '/public/v1/users/' + userId ................................... passed
And request requestUpdatePayload .......................................... passed
And header Authorization = 'Bearer ' + tokenID ............................ passed
When method PUT ........................................................... passed
Then status 200 ........................................................... passed
And match $.data.gender == 'female' ....................................... passed
And match $.data.status == 'inactive' ..................................... passed
* print response .......................................................... passed</system-out>
  </testcase>
</testsuite>
