<testsuite failures="0" name="src/test/java/features/sample.feature" skipped="0" tests="3" time="0.021374">
  <testcase classname="src.test.java.features.sample" name="print hello world scenario" time="0.004991">
    <system-out>* print 'Hello Wooorld !' ................................................. passed
* print 'Hello shirooooooe boooooooy' ..................................... passed</system-out>
  </testcase>
  <testcase classname="src.test.java.features.sample" name="declare and print variables" time="0.013497">
    <system-out>* print 'Hello Wooorld !' ................................................. passed
* print 'Hello shirooooooe boooooooy' ..................................... passed
* def balance = 200 ....................................................... passed
* def fee = 20 ............................................................ passed
* def taux = 10 ........................................................... passed
* print 'the total amount is ' + (balance - fee)*100 ...................... passed</system-out>
  </testcase>
  <testcase classname="src.test.java.features.sample" name="calculator scenarion" time="0.002886">
    <system-out>* print 'Hello Wooorld !' ................................................. passed
* print 'Hello shirooooooe boooooooy' ..................................... passed
* def balance = 200 ....................................................... passed
* def fee = 20 ............................................................ passed
* def taux = 10 ........................................................... passed
* print 'the total amount is ' + (balance - fee)*100 ...................... passed
* def a = 10 .............................................................. passed
* def b = 20 .............................................................. passed
* print 'result is -&gt; ' + a*b ............................................. passed</system-out>
  </testcase>
</testsuite>
