<testsuite failures="0" name="src/test/java/features/getApi.feature" skipped="0" tests="1" time="1.856955">
  <testcase classname="src.test.java.features.getApi" name="Get user by id" time="1.856955">
    <system-out>* def query = {id: 110 } .................................................. passed
Given url baseUrl + '/public/v1/users' .................................... passed
And params query .......................................................... passed
When method GET ........................................................... passed
Then status 200 ........................................................... passed
* print response .......................................................... passed</system-out>
  </testcase>
</testsuite>
